<?xml version="1.0" encoding="UTF-8"?>
<!-- Generated by org.testng.reporters.JUnitReportReporter -->
<testsuite hostname="DESKTOP-9GRUFQO" failures="0" tests="1" name="Day6.JSONSchemeValidation" time="1.927" errors="0" timestamp="2023-12-24T19:09:06 IST" skipped="0">
  <testcase classname="Day6.JSONSchemeValidation" name="jsonschemevalidation" time="1.927"/>
</testsuite> <!-- Day6.JSONSchemeValidation -->
