<?xml version="1.0" encoding="UTF-8"?>
<!-- Generated by org.testng.reporters.JUnitReportReporter -->
<testsuite hostname="DESKTOP-9GRUFQO" failures="0" tests="2" name="Day6.SerializationDeserialization" time="0.282" errors="0" timestamp="2023-12-25T01:14:53 IST" skipped="0">
  <testcase classname="Day6.SerializationDeserialization" name="convertPojo2Json" time="0.259"/>
  <testcase classname="Day6.SerializationDeserialization" name="Json2Pojo" time="0.023"/>
</testsuite> <!-- Day6.SerializationDeserialization -->
