<?xml version="1.0" encoding="UTF-8"?>
<!-- Generated by org.testng.reporters.JUnitReportReporter -->
<testsuite hostname="DESKTOP-9GRUFQO" failures="0" tests="1" name="Automation.Selenium2" time="25.629" errors="0" timestamp="2024-02-08T17:48:54 IST" skipped="0">
  <testcase classname="Automation.Selenium2" name="testSignin" time="25.629"/>
</testsuite> <!-- Automation.Selenium2 -->
