<?xml version="1.0" encoding="UTF-8"?>
<!-- Generated by org.testng.reporters.JUnitReportReporter -->
<testsuite hostname="DESKTOP-9GRUFQO" failures="0" tests="1" name="Day3.LoggingDemo" time="2.232" errors="0" timestamp="2023-12-22T19:18:29 IST" skipped="0">
  <testcase classname="Day3.LoggingDemo" name="testLogs" time="2.232"/>
</testsuite> <!-- Day3.LoggingDemo -->
