<?xml version="1.0" encoding="UTF-8"?>
<!-- Generated by org.testng.reporters.JUnitReportReporter -->
<testsuite hostname="DESKTOP-9GRUFQO" failures="0" tests="4" name="Day1.HttpRequests" time="5.465" errors="0" timestamp="2023-12-10T22:49:53 IST" skipped="0">
  <testcase classname="Day1.HttpRequests" name="getUsers" time="3.031"/>
  <testcase classname="Day1.HttpRequests" name="createUser" time="1.062"/>
  <testcase classname="Day1.HttpRequests" name="updateUser" time="0.697"/>
  <testcase classname="Day1.HttpRequests" name="deleteUser" time="0.675"/>
</testsuite> <!-- Day1.HttpRequests -->
