<?xml version="1.0" encoding="UTF-8"?>
<!-- Generated by org.testng.reporters.JUnitReportReporter -->
<testsuite hostname="DESKTOP-9GRUFQO" failures="0" tests="1" name="Automation.Validate_Order_My_Account" time="35.519" errors="0" timestamp="2024-02-12T18:18:41 IST" skipped="0">
  <testcase classname="Automation.Validate_Order_My_Account" name="validate" time="35.519"/>
</testsuite> <!-- Automation.Validate_Order_My_Account -->
