<?xml version="1.0" encoding="UTF-8"?>
<!-- Generated by org.testng.reporters.JUnitReportReporter -->
<testsuite hostname="DESKTOP-9GRUFQO" failures="0" tests="1" name="Automation.Selenium3" time="39.914" errors="0" timestamp="2024-02-08T17:56:10 IST" skipped="0">
  <testcase classname="Automation.Selenium3" name="testSignin" time="39.914"/>
</testsuite> <!-- Automation.Selenium3 -->
