<?xml version="1.0" encoding="UTF-8"?>
<!-- Generated by org.testng.reporters.JUnitReportReporter -->
<testsuite hostname="DESKTOP-9GRUFQO" failures="0" tests="1" name="Day3.CookiesDemo" time="1.956" errors="0" timestamp="2023-12-22T17:40:06 IST" skipped="0">
  <testcase classname="Day3.CookiesDemo" name="testCookies" time="1.956"/>
</testsuite> <!-- Day3.CookiesDemo -->
