<?xml version="1.0" encoding="UTF-8"?>
<!-- Generated by org.testng.reporters.JUnitReportReporter -->
<testsuite hostname="DESKTOP-9GRUFQO" failures="0" tests="1" name="Automation2.Flip_Signup" time="29.172" errors="0" timestamp="2024-02-06T12:48:03 IST" skipped="0">
  <testcase classname="Automation2.Flip_Signup" name="signup" time="29.172"/>
</testsuite> <!-- Automation2.Flip_Signup -->
