<?xml version="1.0" encoding="UTF-8"?>
<!-- Generated by org.testng.reporters.JUnitReportReporter -->
<testsuite hostname="DESKTOP-9GRUFQO" failures="0" tests="1" name="Day3.PathAndQueryParameters" time="2.875" errors="0" timestamp="2023-12-22T13:39:18 IST" skipped="0">
  <testcase classname="Day3.PathAndQueryParameters" name="testQueryAndPathParameters" time="2.875"/>
</testsuite> <!-- Day3.PathAndQueryParameters -->
