<?xml version="1.0" encoding="UTF-8"?>
<!-- Generated by org.testng.reporters.JUnitReportReporter -->
<testsuite hostname="DESKTOP-9GRUFQO" failures="0" tests="1" name="Automation.Order" time="82.221" errors="0" timestamp="2024-02-12T18:16:12 IST" skipped="0">
  <testcase classname="Automation.Order" name="order" time="82.221"/>
</testsuite> <!-- Automation.Order -->
