<?xml version="1.0" encoding="UTF-8"?>
<!-- Generated by org.testng.reporters.JUnitReportReporter -->
<testsuite hostname="DESKTOP-9GRUFQO" failures="0" tests="1" name="Automation.Multiple_checkouts" time="33.537" errors="0" timestamp="2024-02-04T21:36:32 IST" skipped="0">
  <testcase classname="Automation.Multiple_checkouts" name="mul_checkouts" time="33.537"/>
</testsuite> <!-- Automation.Multiple_checkouts -->
