<?xml version="1.0" encoding="UTF-8"?>
<!-- Generated by org.testng.reporters.JUnitReportReporter -->
<testsuite hostname="DESKTOP-9GRUFQO" failures="0" tests="1" name="Day5.ParsingXMLResponse" time="2.348" errors="0" timestamp="2023-12-24T01:11:33 IST" skipped="0">
  <testcase classname="Day5.ParsingXMLResponse" name="testXMLResponseBody" time="2.348"/>
</testsuite> <!-- Day5.ParsingXMLResponse -->
