<?xml version="1.0" encoding="UTF-8"?>
<!-- Generated by org.testng.reporters.JUnitReportReporter -->
<testsuite hostname="DESKTOP-9GRUFQO" failures="0" tests="1" name="Day5.Nex" time="86.048" errors="0" timestamp="2024-02-12T18:46:09 IST" skipped="0">
  <testcase classname="Day5.Nex" name="testPostUsingExternalFile" time="86.048"/>
</testsuite> <!-- Day5.Nex -->
