<?xml version="1.0" encoding="UTF-8"?>
<!-- Generated by org.testng.reporters.JUnitReportReporter -->
<testsuite hostname="DESKTOP-9GRUFQO" failures="0" tests="1" name="Automation.Compare_List" time="40.425" errors="0" timestamp="2024-01-31T22:44:09 IST" skipped="0">
  <testcase classname="Automation.Compare_List" name="compare" time="40.425"/>
</testsuite> <!-- Automation.Compare_List -->
