<?xml version="1.0" encoding="UTF-8"?>
<!-- Generated by org.testng.reporters.JUnitReportReporter -->
<testsuite hostname="DESKTOP-9GRUFQO" failures="0" tests="1" name="Day6.XMLSchemaValidation" time="1.738" errors="0" timestamp="2023-12-24T21:08:35 IST" skipped="0">
  <testcase classname="Day6.XMLSchemaValidation" name="xmlSchemavalidation" time="1.738"/>
</testsuite> <!-- Day6.XMLSchemaValidation -->
