<?xml version="1.0" encoding="UTF-8"?>
<!-- Generated by org.testng.reporters.JUnitReportReporter -->
<testsuite hostname="DESKTOP-9GRUFQO" failures="0" tests="1" name="Day7.DummyData" time="0.262" errors="0" timestamp="2023-12-26T23:15:19 IST" skipped="0">
  <testcase classname="Day7.DummyData" name="testGenerateDummyData" time="0.262"/>
</testsuite> <!-- Day7.DummyData -->
