<?xml version="1.0" encoding="UTF-8"?>
<!-- Generated by org.testng.reporters.JUnitReportReporter -->
<testsuite hostname="DESKTOP-9GRUFQO" failures="0" tests="4" name="Day7.Authentications" time="5.084" errors="0" timestamp="2023-12-26T18:17:21 IST" skipped="0">
  <testcase classname="Day7.Authentications" name="testBasicAuthentication" time="3.080"/>
  <testcase classname="Day7.Authentications" name="testDigestAuthentication" time="0.760"/>
  <testcase classname="Day7.Authentications" name="testPreemptiveAuthentication" time="0.559"/>
  <testcase classname="Day7.Authentications" name="testBearerTokenAuthentication" time="0.685"/>
</testsuite> <!-- Day7.Authentications -->
