<?xml version="1.0" encoding="UTF-8"?>
<!-- Generated by org.testng.reporters.JUnitReportReporter -->
<testsuite hostname="DESKTOP-9GRUFQO" failures="0" tests="1" name="Day3.HeadersDemo" time="2.891" errors="0" timestamp="2023-12-24T16:59:53 IST" skipped="0">
  <testcase classname="Day3.HeadersDemo" name="testCookies" time="2.891"/>
</testsuite> <!-- Day3.HeadersDemo -->
