<?xml version="1.0" encoding="UTF-8"?>
<!-- Generated by org.testng.reporters.JUnitReportReporter -->
<testsuite hostname="DESKTOP-9GRUFQO" failures="0" tests="1" name="Day8.CreateUser" time="3.746" errors="0" timestamp="2023-12-27T18:15:46 IST" skipped="0">
  <testcase classname="Day8.CreateUser" name="tes_createUser" time="3.746"/>
</testsuite> <!-- Day8.CreateUser -->
