<?xml version="1.0" encoding="UTF-8"?>
<!-- Generated by org.testng.reporters.JUnitReportReporter -->
<testsuite hostname="DESKTOP-9GRUFQO" failures="0" tests="2" name="Day2.DiffWaysToCreatePostRequestBody" time="2.612" errors="0" timestamp="2023-12-22T02:14:50 IST" skipped="0">
  <testcase classname="Day2.DiffWaysToCreatePostRequestBody" name="testPostUsingExternalFile" time="2.551"/>
  <testcase classname="Day2.DiffWaysToCreatePostRequestBody" name="testDelete" time="0.061"/>
</testsuite> <!-- Day2.DiffWaysToCreatePostRequestBody -->
