<?xml version="1.0" encoding="UTF-8"?>
<!-- Generated by org.testng.reporters.JUnitReportReporter -->
<testsuite hostname="DESKTOP-9GRUFQO" failures="0" tests="1" name="Day8.UpdateUser" time="1.654" errors="0" timestamp="2023-12-27T18:15:46 IST" skipped="0">
  <testcase classname="Day8.UpdateUser" name="test_UpdateUser" time="1.654"/>
</testsuite> <!-- Day8.UpdateUser -->
