<?xml version="1.0" encoding="UTF-8"?>
<!-- Generated by org.testng.reporters.JUnitReportReporter -->
<testsuite hostname="DESKTOP-9GRUFQO" failures="0" tests="1" name="Day4.ParsingJSONResponseData" time="1.506" errors="0" timestamp="2023-12-23T17:26:23 IST" skipped="0">
  <testcase classname="Day4.ParsingJSONResponseData" name="testJSONResponseBodyData" time="1.506"/>
</testsuite> <!-- Day4.ParsingJSONResponseData -->
